0 verbose cli /usr/local/bin/node /usr/local/bin/npm
1 info using npm@10.2.3
2 info using node@v20.10.0
3 timing npm:load:whichnode Completed in 3ms
4 timing config:load:defaults Completed in 3ms
5 timing config:load:file:/usr/local/lib/node_modules/npm/npmrc Completed in 1ms
6 timing config:load:builtin Completed in 1ms
7 timing config:load:cli Completed in 7ms
8 timing config:load:env Completed in 1ms
9 timing config:load:file:/home/john_cena/Videos/weathernpmjs/weatherjs/.npmrc Completed in 0ms
10 timing config:load:project Completed in 4ms
11 timing config:load:file:/home/john_cena/.npmrc Completed in 1ms
12 timing config:load:user Completed in 2ms
13 timing config:load:file:/home/john_cena/.npm-global/etc/npmrc Completed in 0ms
14 timing config:load:global Completed in 0ms
15 timing config:load:setEnvs Completed in 2ms
16 timing config:load Completed in 22ms
17 timing npm:load:configload Completed in 22ms
18 timing config:load:flatten Completed in 5ms
19 timing npm:load:mkdirpcache Completed in 5ms
20 timing npm:load:mkdirplogs Completed in 1ms
21 verbose title npm i axios
22 verbose argv "i" "axios"
23 timing npm:load:setTitle Completed in 1ms
24 timing npm:load:display Completed in 1ms
25 verbose logfile logs-max:10 dir:/home/john_cena/Videos/weathernpmjs/weatherjs/C:UsersmynameAppDataRoamingnpm-cache/_logs/2024-03-06T17_21_24_116Z-
26 verbose logfile /home/john_cena/Videos/weathernpmjs/weatherjs/C:UsersmynameAppDataRoamingnpm-cache/_logs/2024-03-06T17_21_24_116Z-debug-0.log
27 timing npm:load:logFile Completed in 18ms
28 timing npm:load:timers Completed in 0ms
29 timing npm:load:configScope Completed in 0ms
30 timing npm:load Completed in 87ms
31 timing arborist:ctor Completed in 1ms
32 silly logfile done cleaning log files
33 timing arborist:ctor Completed in 1ms
34 timing idealTree:init Completed in 65ms
35 timing idealTree:userRequests Completed in 5ms
36 silly idealTree buildDeps
37 silly fetch manifest axios@*
38 http fetch GET 200 https://registry.npmjs.org/npm 420ms (cache miss)
39 http fetch GET 200 https://registry.npmjs.org/axios 282ms (cache miss)
40 silly placeDep ROOT axios@1.6.7 OK for: weather-npm-kartikjs@1.0.0 want: *
41 silly fetch manifest follow-redirects@^1.15.4
42 silly fetch manifest form-data@^4.0.0
43 silly fetch manifest proxy-from-env@^1.1.0
44 http fetch GET 200 https://registry.npmjs.org/follow-redirects 117ms (cache miss)
45 http fetch GET 200 https://registry.npmjs.org/form-data 118ms (cache miss)
46 http fetch GET 200 https://registry.npmjs.org/proxy-from-env 180ms (cache miss)
47 timing idealTree:#root Completed in 493ms
48 silly placeDep ROOT follow-redirects@1.15.5 OK for: axios@1.6.7 want: ^1.15.4
49 silly placeDep ROOT form-data@4.0.0 OK for: axios@1.6.7 want: ^4.0.0
50 silly fetch manifest asynckit@^0.4.0
51 silly fetch manifest combined-stream@^1.0.8
52 silly fetch manifest mime-types@^2.1.12
53 silly placeDep ROOT proxy-from-env@1.1.0 OK for: axios@1.6.7 want: ^1.1.0
54 http fetch GET 200 https://registry.npmjs.org/asynckit 105ms (cache miss)
55 http fetch GET 200 https://registry.npmjs.org/combined-stream 125ms (cache miss)
56 http fetch GET 200 https://registry.npmjs.org/mime-types 128ms (cache miss)
57 timing idealTree:node_modules/axios Completed in 152ms
58 timing idealTree:node_modules/follow-redirects Completed in 0ms
59 silly placeDep ROOT asynckit@0.4.0 OK for: form-data@4.0.0 want: ^0.4.0
60 silly placeDep ROOT combined-stream@1.0.8 OK for: form-data@4.0.0 want: ^1.0.8
61 silly fetch manifest delayed-stream@~1.0.0
62 silly placeDep ROOT mime-types@2.1.35 OK for: form-data@4.0.0 want: ^2.1.12
63 silly fetch manifest mime-db@1.52.0
64 http fetch GET 200 https://registry.npmjs.org/delayed-stream 60ms (cache miss)
65 http fetch GET 200 https://registry.npmjs.org/mime-db 940ms (cache miss)
66 timing idealTree:node_modules/form-data Completed in 970ms
67 timing idealTree:node_modules/asynckit Completed in 0ms
68 silly placeDep ROOT delayed-stream@1.0.0 OK for: combined-stream@1.0.8 want: ~1.0.0
69 timing idealTree:node_modules/combined-stream Completed in 7ms
70 timing idealTree:node_modules/delayed-stream Completed in 0ms
71 silly placeDep ROOT mime-db@1.52.0 OK for: mime-types@2.1.35 want: 1.52.0
72 timing idealTree:node_modules/mime-types Completed in 6ms
73 timing idealTree:node_modules/mime-db Completed in 0ms
74 timing idealTree:node_modules/proxy-from-env Completed in 0ms
75 timing idealTree:buildDeps Completed in 1634ms
76 timing idealTree:fixDepFlags Completed in 1ms
77 timing idealTree Completed in 1711ms
78 timing reify:loadTrees Completed in 1715ms
79 timing reify:diffTrees Completed in 2ms
80 silly reify moves {}
81 timing reify:retireShallow Completed in 3ms
82 timing reify:createSparse Completed in 4ms
83 timing reify:loadBundles Completed in 0ms
84 silly audit bulk request {
84 silly audit   axios: [ '1.6.7' ],
84 silly audit   'follow-redirects': [ '1.15.5' ],
84 silly audit   'form-data': [ '4.0.0' ],
84 silly audit   'proxy-from-env': [ '1.1.0' ],
84 silly audit   asynckit: [ '0.4.0' ],
84 silly audit   'combined-stream': [ '1.0.8' ],
84 silly audit   'mime-types': [ '2.1.35' ],
84 silly audit   'delayed-stream': [ '1.0.0' ],
84 silly audit   'mime-db': [ '1.52.0' ]
84 silly audit }
85 silly tarball no local data for mime-db@https://registry.npmjs.org/mime-db/-/mime-db-1.52.0.tgz. Extracting by manifest.
86 silly tarball no local data for delayed-stream@https://registry.npmjs.org/delayed-stream/-/delayed-stream-1.0.0.tgz. Extracting by manifest.
87 silly tarball no local data for mime-types@https://registry.npmjs.org/mime-types/-/mime-types-2.1.35.tgz. Extracting by manifest.
88 silly tarball no local data for combined-stream@https://registry.npmjs.org/combined-stream/-/combined-stream-1.0.8.tgz. Extracting by manifest.
89 silly tarball no local data for asynckit@https://registry.npmjs.org/asynckit/-/asynckit-0.4.0.tgz. Extracting by manifest.
90 silly tarball no local data for proxy-from-env@https://registry.npmjs.org/proxy-from-env/-/proxy-from-env-1.1.0.tgz. Extracting by manifest.
91 silly tarball no local data for form-data@https://registry.npmjs.org/form-data/-/form-data-4.0.0.tgz. Extracting by manifest.
92 silly tarball no local data for follow-redirects@https://registry.npmjs.org/follow-redirects/-/follow-redirects-1.15.5.tgz. Extracting by manifest.
93 silly tarball no local data for axios@https://registry.npmjs.org/axios/-/axios-1.6.7.tgz. Extracting by manifest.
94 http fetch GET 200 https://registry.npmjs.org/delayed-stream/-/delayed-stream-1.0.0.tgz 314ms (cache miss)
95 timing reifyNode:node_modules/delayed-stream Completed in 357ms
96 http fetch GET 200 https://registry.npmjs.org/mime-db/-/mime-db-1.52.0.tgz 330ms (cache miss)
97 timing reifyNode:node_modules/mime-db Completed in 391ms
98 http fetch GET 200 https://registry.npmjs.org/mime-types/-/mime-types-2.1.35.tgz 393ms (cache miss)
99 timing reifyNode:node_modules/mime-types Completed in 435ms
100 http fetch POST 200 https://registry.npmjs.org/-/npm/v1/security/advisories/bulk 439ms
101 timing auditReport:getReport Completed in 444ms
102 silly audit report {}
103 timing auditReport:init Completed in 0ms
104 timing reify:audit Completed in 446ms
105 http fetch GET 200 https://registry.npmjs.org/combined-stream/-/combined-stream-1.0.8.tgz 399ms (cache miss)
106 timing reifyNode:node_modules/combined-stream Completed in 443ms
107 http fetch GET 200 https://registry.npmjs.org/proxy-from-env/-/proxy-from-env-1.1.0.tgz 408ms (cache miss)
108 timing reifyNode:node_modules/proxy-from-env Completed in 457ms
109 http fetch GET 200 https://registry.npmjs.org/follow-redirects/-/follow-redirects-1.15.5.tgz 411ms (cache miss)
110 timing reifyNode:node_modules/follow-redirects Completed in 460ms
111 http fetch GET 200 https://registry.npmjs.org/form-data/-/form-data-4.0.0.tgz 413ms (cache miss)
112 timing reifyNode:node_modules/form-data Completed in 461ms
113 http fetch GET 200 https://registry.npmjs.org/asynckit/-/asynckit-0.4.0.tgz 418ms (cache miss)
114 timing reifyNode:node_modules/asynckit Completed in 464ms
115 http fetch GET 200 https://registry.npmjs.org/axios/-/axios-1.6.7.tgz 609ms (cache miss)
116 timing reifyNode:node_modules/axios Completed in 660ms
117 timing reify:unpack Completed in 665ms
118 timing reify:unretire Completed in 1ms
119 timing build:queue Completed in 4ms
120 timing build:deps Completed in 6ms
121 timing build Completed in 7ms
122 timing reify:build Completed in 8ms
123 timing reify:trash Completed in 1ms
124 timing reify:save Completed in 23ms
125 timing reify Completed in 2585ms
126 silly ADD node_modules/mime-db
127 silly ADD node_modules/delayed-stream
128 silly ADD node_modules/mime-types
129 silly ADD node_modules/combined-stream
130 silly ADD node_modules/asynckit
131 silly ADD node_modules/proxy-from-env
132 silly ADD node_modules/form-data
133 silly ADD node_modules/follow-redirects
134 silly ADD node_modules/axios
135 timing command:i Completed in 2610ms
136 notice
136 notice New [33mminor[39m version of npm available! [31m10.2.3[39m -> [32m10.5.0[39m
136 notice Changelog: [36mhttps://github.com/npm/cli/releases/tag/v10.5.0[39m
136 notice Run [32mnpm install -g npm@10.5.0[39m to update!
136 notice
137 verbose exit 0
138 timing npm Completed in 3072ms
139 info ok
